PRT1
114
348
4 0 3 (2528 2048 2528 ) (2048 2048 2528 ) (2048 2048 -2528 ) (2528 2048 -2528 ) 
4 0 1 (2048 2048 -2528 ) (2048 2048 2528 ) (2048 2528 2528 ) (2048 2528 -2528 ) 
4 1 5 (2048 2048 -2528 ) (2048 2048 2528 ) (1024 2048 2528 ) (1024 2048 -2528 ) 
4 1 2 (1024 2048 -2528 ) (1024 2048 2528 ) (1024 2528 2528 ) (1024 2528 -2528 ) 
4 2 25 (0 2048 -2528 ) (0 2048 2528 ) (0 2528 2528 ) (0 2528 -2528 ) 
4 2 6 (1024 2048 -2528 ) (1024 2048 2528 ) (0 2048 2528 ) (0 2048 -2528 ) 
4 3 5 (2048 2048 2528 ) (2048 2048 -2528 ) (2048 1024 -2528 ) (2048 1024 2528 ) 
4 3 4 (2528 1024 2528 ) (2048 1024 2528 ) (2048 1024 -2528 ) (2528 1024 -2528 ) 
4 4 57 (2528 0 2528 ) (2048 0 2528 ) (2048 0 -2528 ) (2528 0 -2528 ) 
4 4 7 (2048 0 -2528 ) (2048 0 2528 ) (2048 1024 2528 ) (2048 1024 -2528 ) 
4 5 7 (2048 1024 -2528 ) (2048 1024 2528 ) (1024 1024 2528 ) (1024 1024 -2528 ) 
4 5 6 (1024 2048 2528 ) (1024 2048 -2528 ) (1024 1024 -2528 ) (1024 1024 2528 ) 
4 6 28 (0 1024 -2528 ) (0 1024 2528 ) (0 2048 2528 ) (0 2048 -2528 ) 
4 6 23 (512 1024 -1024 ) (0 1024 -1024 ) (0 1024 -2528 ) (512 1024 -2528 ) 
4 6 22 (1024 1024 -2528 ) (1024 1024 -1024 ) (512 1024 -1024 ) (512 1024 -2528 ) 
4 6 19 (128 1024 -512 ) (64 1024 -512 ) (64 1024 -1024 ) (128 1024 -1024 ) 
4 6 18 (1024 1024 -1024 ) (1024 1024 -512 ) (128 1024 -512 ) (128 1024 -1024 ) 
4 6 21 (64 1024 -512 ) (0 1024 -512 ) (0 1024 -1024 ) (64 1024 -1024 ) 
4 6 13 (64 1024 -448 ) (0 1024 -448 ) (0 1024 -512 ) (64 1024 -512 ) 
4 6 12 (1024 1024 -512 ) (1024 1024 -448 ) (64 1024 -448 ) (64 1024 -512 ) 
4 6 10 (256 1024 -320 ) (192 1024 -320 ) (192 1024 -448 ) (256 1024 -448 ) 
4 6 9 (1024 1024 -448 ) (1024 1024 -320 ) (256 1024 -320 ) (256 1024 -448 ) 
4 6 11 (192 1024 -320 ) (0 1024 -320 ) (0 1024 -448 ) (192 1024 -448 ) 
4 6 8 (1024 1024 -320 ) (1024 1024 2528 ) (0 1024 2528 ) (0 1024 -320 ) 
4 7 59 (2048 0 -2528 ) (2048 0 2528 ) (1024 0 2528 ) (1024 0 -2528 ) 
4 7 22 (1024 1024 -1024 ) (1024 1024 -2528 ) (1024 0 -2528 ) (1024 0 -1024 ) 
4 7 18 (1024 1024 -512 ) (1024 1024 -1024 ) (1024 0 -1024 ) (1024 0 -512 ) 
4 7 12 (1024 1024 -448 ) (1024 1024 -512 ) (1024 512 -512 ) (1024 512 -448 ) 
4 7 9 (1024 1024 -320 ) (1024 1024 -448 ) (1024 0 -448 ) (1024 0 -320 ) 
4 7 8 (1024 1024 2528 ) (1024 1024 -320 ) (1024 0 -320 ) (1024 0 2528 ) 
4 8 60 (1024 0 -320 ) (1024 0 2528 ) (0 0 2528 ) (0 0 -320 ) 
4 8 30 (0 0 -320 ) (0 0 2528 ) (0 1024 2528 ) (0 1024 -320 ) 
4 8 10 (192 192 -320 ) (192 1024 -320 ) (256 1024 -320 ) (256 192 -320 ) 
4 8 9 (1024 0 -320 ) (256 0 -320 ) (256 1024 -320 ) (1024 1024 -320 ) 
4 8 11 (192 0 -320 ) (0 0 -320 ) (0 1024 -320 ) (192 1024 -320 ) 
4 9 61 (1024 0 -448 ) (1024 0 -320 ) (256 0 -320 ) (256 0 -448 ) 
4 9 12 (1024 1024 -448 ) (1024 512 -448 ) (256 512 -448 ) (256 1024 -448 ) 
4 9 10 (256 1024 -448 ) (256 192 -448 ) (256 192 -320 ) (256 1024 -320 ) 
4 10 12 (192 512 -448 ) (192 1024 -448 ) (256 1024 -448 ) (256 512 -448 ) 
4 10 11 (192 1024 -448 ) (192 192 -448 ) (192 192 -320 ) (192 1024 -320 ) 
4 11 63 (192 0 -320 ) (0 0 -320 ) (0 0 -448 ) (192 0 -448 ) 
4 11 31 (0 0 -448 ) (0 0 -320 ) (0 1024 -320 ) (0 1024 -448 ) 
4 11 16 (16 0 -448 ) (0 0 -448 ) (0 24 -448 ) (16 24 -448 ) 
4 11 14 (24 16 -448 ) (24 64 -448 ) (64 64 -448 ) (64 16 -448 ) 
4 11 15 (24 0 -448 ) (16 0 -448 ) (16 64 -448 ) (24 64 -448 ) 
4 11 13 (0 512 -448 ) (0 1024 -448 ) (64 1024 -448 ) (64 512 -448 ) 
4 11 12 (64 512 -448 ) (64 1024 -448 ) (192 1024 -448 ) (192 512 -448 ) 
4 12 19 (64 512 -512 ) (64 1024 -512 ) (128 1024 -512 ) (128 512 -512 ) 
4 12 18 (128 1024 -512 ) (1024 1024 -512 ) (1024 512 -512 ) (128 512 -512 ) 
4 12 13 (64 1024 -512 ) (64 512 -512 ) (64 512 -448 ) (64 1024 -448 ) 
4 13 34 (0 512 -448 ) (0 1024 -448 ) (0 1024 -512 ) (0 512 -512 ) 
4 13 21 (0 512 -512 ) (0 1024 -512 ) (64 1024 -512 ) (64 512 -512 ) 
4 14 15 (24 64 -448 ) (24 64 -464 ) (24 16 -464 ) (24 16 -448 ) 
4 14 17 (24 64 -464 ) (64 64 -464 ) (64 16 -464 ) (24 16 -464 ) 
4 15 76 (24 0 -448 ) (16 0 -448 ) (16 0 -464 ) (24 0 -464 ) 
4 15 16 (16 24 -464 ) (16 0 -464 ) (16 0 -448 ) (16 24 -448 ) 
4 15 17 (16 64 -464 ) (24 64 -464 ) (24 0 -464 ) (16 0 -464 ) 
4 16 77 (16 0 -448 ) (0 0 -448 ) (0 0 -464 ) (16 0 -464 ) 
4 16 36 (0 0 -464 ) (0 0 -448 ) (0 24 -448 ) (0 24 -464 ) 
4 16 17 (16 24 -464 ) (16 0 -464 ) (0 0 -464 ) (0 24 -464 ) 
4 17 78 (0 0 -464 ) (0 0 -512 ) (64 0 -512 ) (64 0 -464 ) 
4 17 39 (0 0 -512 ) (0 0 -464 ) (0 64 -464 ) (0 64 -512 ) 
4 17 21 (64 0 -512 ) (0 0 -512 ) (0 64 -512 ) (64 64 -512 ) 
4 18 72 (320 0 -512 ) (128 0 -512 ) (128 0 -1024 ) (320 0 -1024 ) 
4 18 69 (384 0 -512 ) (320 0 -512 ) (320 0 -1024 ) (384 0 -1024 ) 
4 18 66 (448 0 -512 ) (384 0 -512 ) (384 0 -1024 ) (448 0 -1024 ) 
4 18 65 (1024 0 -1024 ) (1024 0 -512 ) (448 0 -512 ) (448 0 -1024 ) 
4 18 23 (128 512 -1024 ) (128 1024 -1024 ) (512 1024 -1024 ) (512 512 -1024 ) 
4 18 22 (1024 1024 -1024 ) (1024 0 -1024 ) (512 0 -1024 ) (512 1024 -1024 ) 
4 18 19 (128 1024 -1024 ) (128 128 -1024 ) (128 128 -512 ) (128 1024 -512 ) 
4 18 20 (128 64 -1024 ) (128 0 -1024 ) (128 0 -512 ) (128 64 -512 ) 
4 19 23 (64 512 -1024 ) (64 1024 -1024 ) (128 1024 -1024 ) (128 512 -1024 ) 
4 19 21 (64 1024 -1024 ) (64 128 -1024 ) (64 128 -512 ) (64 1024 -512 ) 
4 20 73 (128 0 -512 ) (64 0 -512 ) (64 0 -1024 ) (128 0 -1024 ) 
4 20 21 (64 64 -1024 ) (64 0 -1024 ) (64 0 -512 ) (64 64 -512 ) 
4 21 78 (64 0 -512 ) (0 0 -512 ) (0 0 -1024 ) (64 0 -1024 ) 
4 21 39 (0 0 -1024 ) (0 0 -512 ) (0 64 -512 ) (0 64 -1024 ) 
4 21 35 (0 64 -512 ) (0 512 -512 ) (0 512 -1024 ) (0 64 -1024 ) 
4 21 34 (0 512 -512 ) (0 1024 -512 ) (0 1024 -1024 ) (0 512 -1024 ) 
4 21 23 (0 512 -1024 ) (0 1024 -1024 ) (64 1024 -1024 ) (64 512 -1024 ) 
4 22 83 (1024 0 -2528 ) (1024 0 -1088 ) (512 0 -1088 ) (512 0 -2528 ) 
4 22 81 (1024 0 -1088 ) (1024 0 -1024 ) (512 0 -1024 ) (512 0 -1088 ) 
4 22 24 (512 512 -2528 ) (512 0 -2528 ) (512 0 -1088 ) (512 512 -1088 ) 
4 22 23 (512 1024 -2528 ) (512 512 -2528 ) (512 512 -1024 ) (512 1024 -1024 ) 
4 23 53 (0 1024 -1088 ) (0 1024 -2528 ) (0 512 -2528 ) (0 512 -1088 ) 
4 23 51 (0 512 -1024 ) (0 1024 -1024 ) (0 1024 -1088 ) (0 512 -1088 ) 
4 23 24 (0 512 -2528 ) (512 512 -2528 ) (512 512 -1088 ) (0 512 -1088 ) 
4 24 83 (0 0 -1088 ) (0 0 -2528 ) (512 0 -2528 ) (512 0 -1088 ) 
4 24 53 (0 0 -2528 ) (0 0 -1088 ) (0 512 -1088 ) (0 512 -2528 ) 
4 25 28 (0 2048 -2528 ) (0 2048 2528 ) (-1024 2048 2528 ) (-1024 2048 -2528 ) 
4 25 26 (-1024 2048 -2528 ) (-1024 2048 2528 ) (-1024 2528 2528 ) (-1024 2528 -2528 ) 
4 26 29 (-1024 2048 -2528 ) (-1024 2048 2528 ) (-2048 2048 2528 ) (-2048 2048 -2528 ) 
4 26 27 (-2048 2048 -2528 ) (-2048 2048 2528 ) (-2048 2528 2528 ) (-2048 2528 -2528 ) 
4 27 55 (-2048 2048 -2528 ) (-2048 2048 2528 ) (-2528 2048 2528 ) (-2528 2048 -2528 ) 
4 28 53 (0 1024 -2528 ) (0 1024 -1088 ) (-1024 1024 -1088 ) (-1024 1024 -2528 ) 
4 28 51 (0 1024 -1088 ) (0 1024 -1024 ) (-512 1024 -1024 ) (-512 1024 -1088 ) 
4 28 52 (-512 1024 -1024 ) (-1024 1024 -1024 ) (-1024 1024 -1088 ) (-512 1024 -1088 ) 
4 28 47 (-448 1024 -1024 ) (-384 1024 -1024 ) (-384 1024 -512 ) (-448 1024 -512 ) 
4 28 50 (-1024 1024 -512 ) (-1024 1024 -1024 ) (-448 1024 -1024 ) (-448 1024 -512 ) 
4 28 44 (-384 1024 -1024 ) (-320 1024 -1024 ) (-320 1024 -512 ) (-384 1024 -512 ) 
4 28 41 (-128 1024 -1024 ) (-64 1024 -1024 ) (-64 1024 -512 ) (-128 1024 -512 ) 
4 28 43 (-320 1024 -1024 ) (-128 1024 -1024 ) (-128 1024 -512 ) (-320 1024 -512 ) 
4 28 40 (-64 1024 -448 ) (-1024 1024 -448 ) (-1024 1024 -512 ) (-64 1024 -512 ) 
4 28 34 (0 1024 -1024 ) (0 1024 -448 ) (-64 1024 -448 ) (-64 1024 -1024 ) 
4 28 32 (-192 1024 -320 ) (-256 1024 -320 ) (-256 1024 -448 ) (-192 1024 -448 ) 
4 28 31 (0 1024 -448 ) (0 1024 -320 ) (-192 1024 -320 ) (-192 1024 -448 ) 
4 28 33 (-256 1024 -320 ) (-1024 1024 -320 ) (-1024 1024 -448 ) (-256 1024 -448 ) 
4 28 30 (0 1024 -320 ) (0 1024 2528 ) (-1024 1024 2528 ) (-1024 1024 -320 ) 
4 28 29 (-1024 2048 2528 ) (-1024 2048 -2528 ) (-1024 1024 -2528 ) (-1024 1024 2528 ) 
4 29 55 (-2048 2048 2528 ) (-2048 2048 -2528 ) (-2048 1024 -2528 ) (-2048 1024 2528 ) 
4 29 54 (-1024 1024 -2528 ) (-1024 1024 2528 ) (-2048 1024 2528 ) (-2048 1024 -2528 ) 
4 30 89 (0 0 -320 ) (0 0 2528 ) (-1024 0 2528 ) (-1024 0 -320 ) 
4 30 54 (-1024 1024 2528 ) (-1024 1024 -320 ) (-1024 0 -320 ) (-1024 0 2528 ) 
4 30 32 (-256 192 -320 ) (-256 1024 -320 ) (-192 1024 -320 ) (-192 192 -320 ) 
4 30 31 (0 0 -320 ) (-192 0 -320 ) (-192 1024 -320 ) (0 1024 -320 ) 
4 30 33 (-256 0 -320 ) (-1024 0 -320 ) (-1024 1024 -320 ) (-256 1024 -320 ) 
4 31 90 (0 0 -448 ) (0 0 -320 ) (-192 0 -320 ) (-192 0 -448 ) 
4 31 40 (-192 1024 -448 ) (-64 1024 -448 ) (-64 512 -448 ) (-192 512 -448 ) 
4 31 38 (-64 16 -448 ) (-64 64 -448 ) (-24 64 -448 ) (-24 16 -448 ) 
4 31 37 (-16 0 -448 ) (-24 0 -448 ) (-24 64 -448 ) (-16 64 -448 ) 
4 31 36 (0 24 -448 ) (0 0 -448 ) (-16 0 -448 ) (-16 24 -448 ) 
4 31 34 (-64 1024 -448 ) (0 1024 -448 ) (0 512 -448 ) (-64 512 -448 ) 
4 31 32 (-192 1024 -448 ) (-192 192 -448 ) (-192 192 -320 ) (-192 1024 -320 ) 
4 32 40 (-256 1024 -448 ) (-192 1024 -448 ) (-192 512 -448 ) (-256 512 -448 ) 
4 32 33 (-256 1024 -448 ) (-256 192 -448 ) (-256 192 -320 ) (-256 1024 -320 ) 
4 33 92 (-256 0 -320 ) (-1024 0 -320 ) (-1024 0 -448 ) (-256 0 -448 ) 
4 33 54 (-1024 1024 -320 ) (-1024 1024 -448 ) (-1024 0 -448 ) (-1024 0 -320 ) 
4 33 40 (-1024 1024 -448 ) (-256 1024 -448 ) (-256 512 -448 ) (-1024 512 -448 ) 
4 34 51 (-64 512 -1024 ) (-64 1024 -1024 ) (0 1024 -1024 ) (0 512 -1024 ) 
4 34 41 (-64 1024 -1024 ) (-64 512 -1024 ) (-64 512 -512 ) (-64 1024 -512 ) 
4 34 40 (-64 512 -512 ) (-64 512 -448 ) (-64 1024 -448 ) (-64 1024 -512 ) 
4 34 35 (-64 512 -512 ) (-64 512 -1024 ) (0 512 -1024 ) (0 512 -512 ) 
4 35 41 (-64 512 -1024 ) (-64 128 -1024 ) (-64 128 -512 ) (-64 512 -512 ) 
4 35 39 (-64 64 -512 ) (-64 64 -1024 ) (0 64 -1024 ) (0 64 -512 ) 
4 36 93 (0 0 -464 ) (0 0 -448 ) (-16 0 -448 ) (-16 0 -464 ) 
4 36 37 (-16 24 -464 ) (-16 0 -464 ) (-16 0 -448 ) (-16 24 -448 ) 
4 36 39 (0 24 -464 ) (0 0 -464 ) (-16 0 -464 ) (-16 24 -464 ) 
4 37 94 (-16 0 -448 ) (-24 0 -448 ) (-24 0 -464 ) (-16 0 -464 ) 
4 37 38 (-24 64 -448 ) (-24 64 -464 ) (-24 16 -464 ) (-24 16 -448 ) 
4 37 39 (-24 64 -464 ) (-16 64 -464 ) (-16 0 -464 ) (-24 0 -464 ) 
4 38 39 (-64 16 -464 ) (-64 64 -464 ) (-24 64 -464 ) (-24 16 -464 ) 
4 39 99 (0 0 -1024 ) (0 0 -512 ) (-64 0 -512 ) (-64 0 -1024 ) 
4 39 96 (0 0 -512 ) (0 0 -464 ) (-64 0 -464 ) (-64 0 -512 ) 
4 39 42 (-64 64 -1024 ) (-64 0 -1024 ) (-64 0 -512 ) (-64 64 -512 ) 
4 40 54 (-1024 1024 -448 ) (-1024 1024 -512 ) (-1024 512 -512 ) (-1024 512 -448 ) 
4 40 47 (-448 1024 -512 ) (-384 1024 -512 ) (-384 512 -512 ) (-448 512 -512 ) 
4 40 50 (-1024 512 -512 ) (-1024 1024 -512 ) (-448 1024 -512 ) (-448 512 -512 ) 
4 40 44 (-384 1024 -512 ) (-320 1024 -512 ) (-320 512 -512 ) (-384 512 -512 ) 
4 40 41 (-128 1024 -512 ) (-64 1024 -512 ) (-64 512 -512 ) (-128 512 -512 ) 
4 40 43 (-320 1024 -512 ) (-128 1024 -512 ) (-128 512 -512 ) (-320 512 -512 ) 
4 41 51 (-128 512 -1024 ) (-128 1024 -1024 ) (-64 1024 -1024 ) (-64 512 -1024 ) 
4 41 43 (-128 1024 -1024 ) (-128 128 -1024 ) (-128 128 -512 ) (-128 1024 -512 ) 
4 42 100 (-128 0 -1024 ) (-64 0 -1024 ) (-64 0 -512 ) (-128 0 -512 ) 
4 42 43 (-128 64 -1024 ) (-128 0 -1024 ) (-128 0 -512 ) (-128 64 -512 ) 
4 43 102 (-320 0 -1024 ) (-128 0 -1024 ) (-128 0 -512 ) (-320 0 -512 ) 
4 43 51 (-320 512 -1024 ) (-320 1024 -1024 ) (-128 1024 -1024 ) (-128 512 -1024 ) 
4 43 45 (-320 352 -896 ) (-320 352 -512 ) (-320 384 -512 ) (-320 384 -896 ) 
4 43 44 (-320 1024 -1024 ) (-320 384 -1024 ) (-320 384 -512 ) (-320 1024 -512 ) 
4 43 46 (-320 352 -1024 ) (-320 0 -1024 ) (-320 0 -512 ) (-320 352 -512 ) 
4 44 51 (-384 512 -1024 ) (-384 1024 -1024 ) (-320 1024 -1024 ) (-320 512 -1024 ) 
4 44 48 (-384 384 -896 ) (-384 384 -512 ) (-384 448 -512 ) (-384 448 -896 ) 
4 44 47 (-384 1024 -1024 ) (-384 448 -1024 ) (-384 448 -512 ) (-384 1024 -512 ) 
4 44 45 (-384 384 -512 ) (-384 384 -896 ) (-320 384 -896 ) (-320 384 -512 ) 
4 45 48 (-384 352 -896 ) (-384 352 -512 ) (-384 384 -512 ) (-384 384 -896 ) 
4 45 46 (-384 352 -512 ) (-384 352 -896 ) (-320 352 -896 ) (-320 352 -512 ) 
4 46 102 (-384 0 -1024 ) (-320 0 -1024 ) (-320 0 -512 ) (-384 0 -512 ) 
4 46 48 (-384 64 -896 ) (-384 64 -512 ) (-384 352 -512 ) (-384 352 -896 ) 
4 46 49 (-384 64 -1024 ) (-384 0 -1024 ) (-384 0 -512 ) (-384 64 -512 ) 
4 47 51 (-448 512 -1024 ) (-448 1024 -1024 ) (-384 1024 -1024 ) (-384 512 -1024 ) 
4 47 48 (-448 448 -512 ) (-448 448 -896 ) (-384 448 -896 ) (-384 448 -512 ) 
4 47 50 (-448 1024 -1024 ) (-448 448 -1024 ) (-448 448 -512 ) (-448 1024 -512 ) 
4 48 50 (-448 64 -896 ) (-448 64 -512 ) (-448 448 -512 ) (-448 448 -896 ) 
4 48 49 (-448 64 -512 ) (-448 64 -896 ) (-384 64 -896 ) (-384 64 -512 ) 
4 49 102 (-448 0 -1024 ) (-384 0 -1024 ) (-384 0 -512 ) (-448 0 -512 ) 
4 49 50 (-448 64 -1024 ) (-448 0 -1024 ) (-448 0 -512 ) (-448 64 -512 ) 
4 50 102 (-1024 0 -512 ) (-1024 0 -1024 ) (-448 0 -1024 ) (-448 0 -512 ) 
4 50 54 (-1024 1024 -512 ) (-1024 1024 -1024 ) (-1024 0 -1024 ) (-1024 0 -512 ) 
4 50 51 (-512 512 -1024 ) (-512 1024 -1024 ) (-448 1024 -1024 ) (-448 512 -1024 ) 
4 50 52 (-512 0 -1024 ) (-1024 0 -1024 ) (-1024 1024 -1024 ) (-512 1024 -1024 ) 
4 51 53 (-512 1024 -1088 ) (0 1024 -1088 ) (0 512 -1088 ) (-512 512 -1088 ) 
4 51 52 (-512 1024 -1088 ) (-512 512 -1088 ) (-512 512 -1024 ) (-512 1024 -1024 ) 
4 52 105 (-512 0 -1024 ) (-1024 0 -1024 ) (-1024 0 -1088 ) (-512 0 -1088 ) 
4 52 54 (-1024 1024 -1024 ) (-1024 1024 -1088 ) (-1024 0 -1088 ) (-1024 0 -1024 ) 
4 52 53 (-1024 1024 -1088 ) (-512 1024 -1088 ) (-512 0 -1088 ) (-1024 0 -1088 ) 
4 53 103 (0 0 -2528 ) (0 0 -1088 ) (-512 0 -1088 ) (-512 0 -2528 ) 
4 53 105 (-512 0 -1088 ) (-1024 0 -1088 ) (-1024 0 -2528 ) (-512 0 -2528 ) 
4 53 54 (-1024 1024 -1088 ) (-1024 1024 -2528 ) (-1024 0 -2528 ) (-1024 0 -1088 ) 
4 54 106 (-1024 0 -2528 ) (-1024 0 2528 ) (-2048 0 2528 ) (-2048 0 -2528 ) 
4 54 56 (-2048 0 -2528 ) (-2048 0 2528 ) (-2048 1024 2528 ) (-2048 1024 -2528 ) 
4 55 56 (-2048 1024 -2528 ) (-2048 1024 2528 ) (-2528 1024 2528 ) (-2528 1024 -2528 ) 
4 56 109 (-2048 0 -2528 ) (-2048 0 2528 ) (-2528 0 2528 ) (-2528 0 -2528 ) 
4 57 59 (2048 0 2528 ) (2048 0 -2528 ) (2048 -1024 -2528 ) (2048 -1024 2528 ) 
4 57 58 (2528 -1024 2528 ) (2048 -1024 2528 ) (2048 -1024 -2528 ) (2528 -1024 -2528 ) 
4 58 86 (2528 -2048 2528 ) (2048 -2048 2528 ) (2048 -2048 -2528 ) (2528 -2048 -2528 ) 
4 58 84 (2048 -2048 -2528 ) (2048 -2048 2528 ) (2048 -1024 2528 ) (2048 -1024 -2528 ) 
4 59 84 (2048 -1024 -2528 ) (2048 -1024 2528 ) (1024 -1024 2528 ) (1024 -1024 -2528 ) 
4 59 83 (1024 0 -1088 ) (1024 0 -2528 ) (1024 -1024 -2528 ) (1024 -1024 -1088 ) 
4 59 81 (1024 0 -1024 ) (1024 0 -1088 ) (1024 -1024 -1088 ) (1024 -1024 -1024 ) 
4 59 65 (1024 0 -512 ) (1024 0 -1024 ) (1024 -1024 -1024 ) (1024 -1024 -512 ) 
4 59 64 (1024 -512 -512 ) (1024 -1024 -512 ) (1024 -1024 -448 ) (1024 -512 -448 ) 
4 59 61 (1024 0 -320 ) (1024 0 -448 ) (1024 -1024 -448 ) (1024 -1024 -320 ) 
4 59 60 (1024 0 2528 ) (1024 0 -320 ) (1024 -1024 -320 ) (1024 -1024 2528 ) 
4 60 89 (0 0 2528 ) (0 0 -320 ) (0 -1024 -320 ) (0 -1024 2528 ) 
4 60 85 (1024 -1024 -320 ) (1024 -1024 2528 ) (0 -1024 2528 ) (0 -1024 -320 ) 
4 60 62 (256 -1024 -320 ) (192 -1024 -320 ) (192 -192 -320 ) (256 -192 -320 ) 
4 60 61 (1024 -1024 -320 ) (256 -1024 -320 ) (256 0 -320 ) (1024 0 -320 ) 
4 60 63 (192 -1024 -320 ) (0 -1024 -320 ) (0 0 -320 ) (192 0 -320 ) 
4 61 85 (1024 -1024 -448 ) (1024 -1024 -320 ) (256 -1024 -320 ) (256 -1024 -448 ) 
4 61 64 (1024 -512 -448 ) (1024 -1024 -448 ) (256 -1024 -448 ) (256 -512 -448 ) 
4 61 62 (256 -192 -448 ) (256 -1024 -448 ) (256 -1024 -320 ) (256 -192 -320 ) 
4 62 85 (256 -1024 -320 ) (192 -1024 -320 ) (192 -1024 -448 ) (256 -1024 -448 ) 
4 62 64 (256 -512 -448 ) (256 -1024 -448 ) (192 -1024 -448 ) (192 -512 -448 ) 
4 62 63 (192 -192 -448 ) (192 -1024 -448 ) (192 -1024 -320 ) (192 -192 -320 ) 
4 63 90 (0 0 -320 ) (0 0 -448 ) (0 -1024 -448 ) (0 -1024 -320 ) 
4 63 85 (192 -1024 -320 ) (0 -1024 -320 ) (0 -1024 -448 ) (192 -1024 -448 ) 
4 63 80 (64 -512 -448 ) (64 -1024 -448 ) (0 -1024 -448 ) (0 -512 -448 ) 
4 63 77 (0 0 -448 ) (16 0 -448 ) (16 -24 -448 ) (0 -24 -448 ) 
4 63 75 (64 -16 -448 ) (64 -64 -448 ) (24 -64 -448 ) (24 -16 -448 ) 
4 63 76 (16 0 -448 ) (24 0 -448 ) (24 -64 -448 ) (16 -64 -448 ) 
4 63 64 (192 -512 -448 ) (192 -1024 -448 ) (64 -1024 -448 ) (64 -512 -448 ) 
4 64 85 (1024 -1024 -512 ) (1024 -1024 -448 ) (64 -1024 -448 ) (64 -1024 -512 ) 
4 64 80 (64 -1024 -512 ) (64 -1024 -448 ) (64 -512 -448 ) (64 -512 -512 ) 
4 64 74 (128 -1024 -512 ) (64 -1024 -512 ) (64 -512 -512 ) (128 -512 -512 ) 
4 64 72 (320 -1024 -512 ) (128 -1024 -512 ) (128 -512 -512 ) (320 -512 -512 ) 
4 64 71 (384 -1024 -512 ) (320 -1024 -512 ) (320 -512 -512 ) (384 -512 -512 ) 
4 64 68 (448 -1024 -512 ) (384 -1024 -512 ) (384 -512 -512 ) (448 -512 -512 ) 
4 64 65 (1024 -1024 -512 ) (448 -1024 -512 ) (448 -512 -512 ) (1024 -512 -512 ) 
4 65 85 (1024 -1024 -1024 ) (1024 -1024 -512 ) (448 -1024 -512 ) (448 -1024 -1024 ) 
4 65 82 (512 -1024 -1024 ) (448 -1024 -1024 ) (448 -512 -1024 ) (512 -512 -1024 ) 
4 65 81 (1024 -1024 -1024 ) (512 -1024 -1024 ) (512 0 -1024 ) (1024 0 -1024 ) 
4 65 67 (448 -448 -896 ) (448 -448 -512 ) (448 -64 -512 ) (448 -64 -896 ) 
4 65 66 (448 0 -1024 ) (448 -64 -1024 ) (448 -64 -512 ) (448 0 -512 ) 
4 65 68 (448 -448 -1024 ) (448 -1024 -1024 ) (448 -1024 -512 ) (448 -448 -512 ) 
4 66 69 (384 0 -1024 ) (384 -64 -1024 ) (384 -64 -512 ) (384 0 -512 ) 
4 66 67 (384 -64 -512 ) (384 -64 -896 ) (448 -64 -896 ) (448 -64 -512 ) 
4 67 70 (384 -384 -512 ) (384 -352 -512 ) (384 -352 -896 ) (384 -384 -896 ) 
4 67 69 (384 -352 -512 ) (384 -64 -512 ) (384 -64 -896 ) (384 -352 -896 ) 
4 67 71 (384 -448 -896 ) (384 -448 -512 ) (384 -384 -512 ) (384 -384 -896 ) 
4 67 68 (384 -448 -512 ) (384 -448 -896 ) (448 -448 -896 ) (448 -448 -512 ) 
4 68 85 (448 -1024 -512 ) (384 -1024 -512 ) (384 -1024 -1024 ) (448 -1024 -1024 ) 
4 68 82 (448 -1024 -1024 ) (384 -1024 -1024 ) (384 -512 -1024 ) (448 -512 -1024 ) 
4 68 71 (384 -448 -1024 ) (384 -1024 -1024 ) (384 -1024 -512 ) (384 -448 -512 ) 
4 69 72 (320 0 -1024 ) (320 -352 -1024 ) (320 -352 -512 ) (320 0 -512 ) 
4 69 70 (320 -352 -512 ) (320 -352 -896 ) (384 -352 -896 ) (384 -352 -512 ) 
4 70 72 (320 -384 -896 ) (320 -384 -512 ) (320 -352 -512 ) (320 -352 -896 ) 
4 70 71 (320 -384 -512 ) (320 -384 -896 ) (384 -384 -896 ) (384 -384 -512 ) 
4 71 85 (384 -1024 -512 ) (320 -1024 -512 ) (320 -1024 -1024 ) (384 -1024 -1024 ) 
4 71 82 (384 -1024 -1024 ) (320 -1024 -1024 ) (320 -512 -1024 ) (384 -512 -1024 ) 
4 71 72 (320 -384 -1024 ) (320 -1024 -1024 ) (320 -1024 -512 ) (320 -384 -512 ) 
4 72 85 (320 -1024 -512 ) (128 -1024 -512 ) (128 -1024 -1024 ) (320 -1024 -1024 ) 
4 72 82 (320 -1024 -1024 ) (128 -1024 -1024 ) (128 -512 -1024 ) (320 -512 -1024 ) 
4 72 73 (128 0 -1024 ) (128 -64 -1024 ) (128 -64 -512 ) (128 0 -512 ) 
4 72 74 (128 -128 -1024 ) (128 -1024 -1024 ) (128 -1024 -512 ) (128 -128 -512 ) 
4 73 78 (64 0 -1024 ) (64 -64 -1024 ) (64 -64 -512 ) (64 0 -512 ) 
4 74 85 (128 -1024 -512 ) (64 -1024 -512 ) (64 -1024 -1024 ) (128 -1024 -1024 ) 
4 74 82 (128 -1024 -1024 ) (64 -1024 -1024 ) (64 -512 -1024 ) (128 -512 -1024 ) 
4 74 79 (64 -128 -1024 ) (64 -512 -1024 ) (64 -512 -512 ) (64 -128 -512 ) 
4 74 80 (64 -512 -1024 ) (64 -1024 -1024 ) (64 -1024 -512 ) (64 -512 -512 ) 
4 75 76 (24 -16 -464 ) (24 -64 -464 ) (24 -64 -448 ) (24 -16 -448 ) 
4 75 78 (64 -64 -464 ) (24 -64 -464 ) (24 -16 -464 ) (64 -16 -464 ) 
4 76 77 (16 0 -464 ) (16 -24 -464 ) (16 -24 -448 ) (16 0 -448 ) 
4 76 78 (24 -64 -464 ) (16 -64 -464 ) (16 0 -464 ) (24 0 -464 ) 
4 77 93 (0 0 -448 ) (0 0 -464 ) (0 -24 -464 ) (0 -24 -448 ) 
4 77 78 (0 -24 -464 ) (0 0 -464 ) (16 0 -464 ) (16 -24 -464 ) 
4 78 99 (0 0 -512 ) (0 0 -1024 ) (0 -64 -1024 ) (0 -64 -512 ) 
4 78 96 (0 0 -464 ) (0 0 -512 ) (0 -64 -512 ) (0 -64 -464 ) 
4 78 79 (0 -64 -1024 ) (64 -64 -1024 ) (64 -64 -512 ) (0 -64 -512 ) 
4 79 99 (0 -64 -1024 ) (0 -512 -1024 ) (0 -512 -512 ) (0 -64 -512 ) 
4 79 80 (0 -512 -1024 ) (64 -512 -1024 ) (64 -512 -512 ) (0 -512 -512 ) 
4 80 99 (0 -512 -1024 ) (0 -1024 -1024 ) (0 -1024 -512 ) (0 -512 -512 ) 
4 80 97 (0 -1024 -512 ) (0 -1024 -448 ) (0 -512 -448 ) (0 -512 -512 ) 
4 80 85 (64 -1024 -448 ) (0 -1024 -448 ) (0 -1024 -1024 ) (64 -1024 -1024 ) 
4 80 82 (64 -1024 -1024 ) (0 -1024 -1024 ) (0 -512 -1024 ) (64 -512 -1024 ) 
4 81 85 (1024 -1024 -1088 ) (1024 -1024 -1024 ) (512 -1024 -1024 ) (512 -1024 -1088 ) 
4 81 83 (512 0 -1088 ) (1024 0 -1088 ) (1024 -1024 -1088 ) (512 -1024 -1088 ) 
4 81 82 (512 -512 -1088 ) (512 -1024 -1088 ) (512 -1024 -1024 ) (512 -512 -1024 ) 
4 82 104 (0 -512 -1088 ) (0 -1024 -1088 ) (0 -1024 -1024 ) (0 -512 -1024 ) 
4 82 85 (512 -1024 -1024 ) (0 -1024 -1024 ) (0 -1024 -1088 ) (512 -1024 -1088 ) 
4 82 83 (512 -512 -1088 ) (512 -1024 -1088 ) (0 -1024 -1088 ) (0 -512 -1088 ) 
4 83 103 (0 0 -1088 ) (0 0 -2528 ) (0 -512 -2528 ) (0 -512 -1088 ) 
4 83 104 (0 -512 -2528 ) (0 -1024 -2528 ) (0 -1024 -1088 ) (0 -512 -1088 ) 
4 83 85 (1024 -1024 -2528 ) (1024 -1024 -1088 ) (0 -1024 -1088 ) (0 -1024 -2528 ) 
4 84 87 (2048 -2048 -2528 ) (2048 -2048 2528 ) (1024 -2048 2528 ) (1024 -2048 -2528 ) 
4 84 85 (1024 -1024 2528 ) (1024 -1024 -2528 ) (1024 -2048 -2528 ) (1024 -2048 2528 ) 
4 85 107 (0 -2048 -2528 ) (0 -2048 2528 ) (0 -1024 2528 ) (0 -1024 -2528 ) 
4 85 88 (1024 -2048 -2528 ) (1024 -2048 2528 ) (0 -2048 2528 ) (0 -2048 -2528 ) 
4 86 87 (2048 -2048 2528 ) (2048 -2048 -2528 ) (2048 -2528 -2528 ) (2048 -2528 2528 ) 
4 87 88 (1024 -2048 2528 ) (1024 -2048 -2528 ) (1024 -2528 -2528 ) (1024 -2528 2528 ) 
4 88 111 (0 -2528 2528 ) (0 -2048 2528 ) (0 -2048 -2528 ) (0 -2528 -2528 ) 
4 89 107 (0 -1024 -320 ) (0 -1024 2528 ) (-1024 -1024 2528 ) (-1024 -1024 -320 ) 
4 89 106 (-1024 0 2528 ) (-1024 0 -320 ) (-1024 -1024 -320 ) (-1024 -1024 2528 ) 
4 89 91 (-192 -192 -320 ) (-192 -1024 -320 ) (-256 -1024 -320 ) (-256 -192 -320 ) 
4 89 90 (-192 0 -320 ) (0 0 -320 ) (0 -1024 -320 ) (-192 -1024 -320 ) 
4 89 92 (-1024 -1024 -320 ) (-1024 0 -320 ) (-256 0 -320 ) (-256 -1024 -320 ) 
4 90 107 (0 -1024 -448 ) (0 -1024 -320 ) (-192 -1024 -320 ) (-192 -1024 -448 ) 
4 90 98 (-64 -1024 -448 ) (-192 -1024 -448 ) (-192 -512 -448 ) (-64 -512 -448 ) 
4 90 97 (0 -1024 -448 ) (-64 -1024 -448 ) (-64 -512 -448 ) (0 -512 -448 ) 
4 90 95 (-64 -64 -448 ) (-64 -16 -448 ) (-24 -16 -448 ) (-24 -64 -448 ) 
4 90 94 (-24 0 -448 ) (-16 0 -448 ) (-16 -64 -448 ) (-24 -64 -448 ) 
4 90 93 (-16 0 -448 ) (0 0 -448 ) (0 -24 -448 ) (-16 -24 -448 ) 
4 90 91 (-192 -192 -448 ) (-192 -1024 -448 ) (-192 -1024 -320 ) (-192 -192 -320 ) 
4 91 107 (-192 -1024 -320 ) (-256 -1024 -320 ) (-256 -1024 -448 ) (-192 -1024 -448 ) 
4 91 98 (-192 -1024 -448 ) (-256 -1024 -448 ) (-256 -512 -448 ) (-192 -512 -448 ) 
4 91 92 (-256 -192 -448 ) (-256 -1024 -448 ) (-256 -1024 -320 ) (-256 -192 -320 ) 
4 92 107 (-256 -1024 -320 ) (-1024 -1024 -320 ) (-1024 -1024 -448 ) (-256 -1024 -448 ) 
4 92 106 (-1024 0 -320 ) (-1024 0 -448 ) (-1024 -1024 -448 ) (-1024 -1024 -320 ) 
4 92 98 (-256 -1024 -448 ) (-1024 -1024 -448 ) (-1024 -512 -448 ) (-256 -512 -448 ) 
4 93 94 (-16 0 -464 ) (-16 -24 -464 ) (-16 -24 -448 ) (-16 0 -448 ) 
4 93 96 (-16 -24 -464 ) (-16 0 -464 ) (0 0 -464 ) (0 -24 -464 ) 
4 94 95 (-24 -16 -464 ) (-24 -64 -464 ) (-24 -64 -448 ) (-24 -16 -448 ) 
4 94 96 (-16 -64 -464 ) (-24 -64 -464 ) (-24 0 -464 ) (-16 0 -464 ) 
4 95 96 (-24 -64 -464 ) (-64 -64 -464 ) (-64 -16 -464 ) (-24 -16 -464 ) 
4 96 99 (-64 0 -512 ) (0 0 -512 ) (0 -64 -512 ) (-64 -64 -512 ) 
4 97 107 (0 -1024 -512 ) (0 -1024 -448 ) (-64 -1024 -448 ) (-64 -1024 -512 ) 
4 97 99 (0 -512 -512 ) (0 -1024 -512 ) (-64 -1024 -512 ) (-64 -512 -512 ) 
4 97 98 (-64 -512 -512 ) (-64 -1024 -512 ) (-64 -1024 -448 ) (-64 -512 -448 ) 
4 98 107 (-64 -1024 -448 ) (-1024 -1024 -448 ) (-1024 -1024 -512 ) (-64 -1024 -512 ) 
4 98 106 (-1024 -512 -512 ) (-1024 -1024 -512 ) (-1024 -1024 -448 ) (-1024 -512 -448 ) 
4 98 101 (-128 -512 -512 ) (-64 -512 -512 ) (-64 -1024 -512 ) (-128 -1024 -512 ) 
4 98 102 (-1024 -1024 -512 ) (-1024 -512 -512 ) (-128 -512 -512 ) (-128 -1024 -512 ) 
4 99 107 (0 -1024 -1024 ) (0 -1024 -512 ) (-64 -1024 -512 ) (-64 -1024 -1024 ) 
4 99 104 (0 -1024 -1024 ) (-64 -1024 -1024 ) (-64 -512 -1024 ) (0 -512 -1024 ) 
4 99 100 (-64 0 -1024 ) (-64 -64 -1024 ) (-64 -64 -512 ) (-64 0 -512 ) 
4 99 101 (-64 -128 -1024 ) (-64 -1024 -1024 ) (-64 -1024 -512 ) (-64 -128 -512 ) 
4 100 102 (-128 0 -1024 ) (-128 -64 -1024 ) (-128 -64 -512 ) (-128 0 -512 ) 
4 101 107 (-64 -1024 -512 ) (-128 -1024 -512 ) (-128 -1024 -1024 ) (-64 -1024 -1024 ) 
4 101 104 (-64 -1024 -1024 ) (-128 -1024 -1024 ) (-128 -512 -1024 ) (-64 -512 -1024 ) 
4 101 102 (-128 -128 -1024 ) (-128 -1024 -1024 ) (-128 -1024 -512 ) (-128 -128 -512 ) 
4 102 107 (-128 -1024 -512 ) (-1024 -1024 -512 ) (-1024 -1024 -1024 ) (-128 -1024 -1024 ) 
4 102 106 (-1024 0 -512 ) (-1024 0 -1024 ) (-1024 -1024 -1024 ) (-1024 -1024 -512 ) 
4 102 104 (-128 -1024 -1024 ) (-512 -1024 -1024 ) (-512 -512 -1024 ) (-128 -512 -1024 ) 
4 102 105 (-512 -1024 -1024 ) (-1024 -1024 -1024 ) (-1024 0 -1024 ) (-512 0 -1024 ) 
4 103 104 (-512 -512 -1088 ) (-512 -512 -2528 ) (0 -512 -2528 ) (0 -512 -1088 ) 
4 103 105 (-512 0 -2528 ) (-512 -512 -2528 ) (-512 -512 -1088 ) (-512 0 -1088 ) 
4 104 107 (0 -1024 -2528 ) (0 -1024 -1024 ) (-512 -1024 -1024 ) (-512 -1024 -2528 ) 
4 104 105 (-512 -512 -2528 ) (-512 -1024 -2528 ) (-512 -1024 -1024 ) (-512 -512 -1024 ) 
4 105 107 (-512 -1024 -1024 ) (-1024 -1024 -1024 ) (-1024 -1024 -2528 ) (-512 -1024 -2528 ) 
4 105 106 (-1024 0 -1024 ) (-1024 0 -2528 ) (-1024 -1024 -2528 ) (-1024 -1024 -1024 ) 
4 106 109 (-2048 0 2528 ) (-2048 0 -2528 ) (-2048 -1024 -2528 ) (-2048 -1024 2528 ) 
4 106 108 (-1024 -1024 -2528 ) (-1024 -1024 2528 ) (-2048 -1024 2528 ) (-2048 -1024 -2528 ) 
4 107 111 (0 -2048 -2528 ) (0 -2048 2528 ) (-1024 -2048 2528 ) (-1024 -2048 -2528 ) 
4 107 108 (-1024 -1024 2528 ) (-1024 -1024 -2528 ) (-1024 -2048 -2528 ) (-1024 -2048 2528 ) 
4 108 112 (-1024 -2048 -2528 ) (-1024 -2048 2528 ) (-2048 -2048 2528 ) (-2048 -2048 -2528 ) 
4 108 110 (-2048 -2048 -2528 ) (-2048 -2048 2528 ) (-2048 -1024 2528 ) (-2048 -1024 -2528 ) 
4 109 110 (-2048 -1024 -2528 ) (-2048 -1024 2528 ) (-2528 -1024 2528 ) (-2528 -1024 -2528 ) 
4 110 113 (-2048 -2048 -2528 ) (-2048 -2048 2528 ) (-2528 -2048 2528 ) (-2528 -2048 -2528 ) 
4 111 112 (-1024 -2048 2528 ) (-1024 -2048 -2528 ) (-1024 -2528 -2528 ) (-1024 -2528 2528 ) 
4 112 113 (-2048 -2048 2528 ) (-2048 -2048 -2528 ) (-2048 -2528 -2528 ) (-2048 -2528 2528 ) 
